

      ==============================================================
     |      PROPAGATION D'ONDES P-SV-SH EN MILIEU STRATIFIE PLAN    |
     |                 Algorithme KB (Kennett-Bouchon)              |
      ==============================================================


  --- PARAMETRES DU CALCUL --- 

      Nombre total de couches dans le modele    :   199
      Couche d'eau en surface                   : Non                 

      Duree des sismogrammes                [s] :     0.1000
      Decalage en temps                     [s] :    -0.0050
      Nombre d'echantillons en temps            :  1024
      Frequence de Nyquist du signal       [Hz] :  5120.0000
      Frequence dominante  du signal       [Hz] :  1000.0000
      Frequence de ref. pour la dispersion [Hz] :      1.000

      Vitesse minimum dans le milieu      [m/s] :   1267.558
      Vitesse maximum dans le milieu      [m/s] :   5638.676
      Longueur d'onde minimum (@ fpeak)     [m] :      1.268
      Longueur d'onde maximum (@ fpeak)     [m] :      5.639

      Nombre total de positions capteurs        :    26
      Nombre de positions x                     :     1
      Nombre de positions y                     :     1
      Nombre de positions z                     :    26
      Nombre de cotes au-dessus de la source    :     0
      Nombre de cotes en-dessous de la source   :    26

      Abscisse minimum   des capteurs      [km] :     0.0000
      Ordonnee minimum   des capteurs      [km] :     0.0000
      Profondeur minimum des capteurs      [km] :     2.3300
      Couche No                                 :    12

      Abscisse maximum   des capteurs      [km] :     0.0000
      Ordonnee maximum   des capteurs      [km] :     0.0000
      Profondeur maximum des capteurs      [km] :     2.5500
      Couche No                                 :   153

      Intervalle en x des capteurs          [m] :     0.0000
      Intervalle en y des capteurs          [m] :     0.0000
      Intervalle en z des capteurs          [m] :     8.8000

      Profondeur de la source              [km] :     2.3200
      Couche No                                 :     6

      Source ponctuelle                         : Force suivant z     
      Onde directe                              : Prise en compte     
      Reflexion a la surface libre              : Non prise en compte 

      Distance de discretisation           [km] :     0.6428
      Nombre maximum de nombres d'onde          : *****
      Convergence au recepteur (ix0,iy0,iz0)    :     1,    1,    1

  --- MODELE STRATIFIE --- 

     Zbase        Vp        Vs   Densite      Qp        Qs   Mult 
      (km)    (km/s)    (km/s)   (g/cm3)
 __________________________________________________________________

    2.3137    3.3842    1.5014    2.5510     500.0     375.0    1
    2.3153    3.8315    1.7437    2.6100     500.0     375.0    2
    2.3168    3.1428    1.3707    2.5110     500.0     375.0    3
    2.3183    3.5675    1.6007    2.5640     500.0     375.0    4
    2.3198    3.0430    1.3167    2.4680     500.0     375.0    5
    2.3214    3.0272    1.3081    2.4580     500.0     375.0    6
    2.3229    2.9908    1.2883    2.4270     500.0     375.0    7
    2.3244    3.0810    1.3372    2.5400     500.0     375.0    8
    2.3259    3.0759    1.3344    2.5230     500.0     375.0    9
    2.3275    3.0725    1.3326    2.5270     500.0     375.0   10
    2.3290    3.1774    1.3894    2.5470     500.0     375.0   11
    2.3305    3.0646    1.3283    2.5260     500.0     375.0   12
    2.3320    3.0639    1.3279    2.5310     500.0     375.0   13
    2.3335    3.0598    1.3257    2.5360     500.0     375.0   14
    2.3351    3.1787    1.3901    2.5730     500.0     375.0   15
    2.3366    3.0966    1.3457    2.5290     500.0     375.0   16
    2.3381    3.0718    1.3323    2.5120     500.0     375.0   17
    2.3396    3.0270    1.3080    2.4910     500.0     375.0   18
    2.3412    2.9916    1.2888    2.5120     500.0     375.0   19
    2.3427    3.0621    1.3270    2.4950     500.0     375.0   20
    2.3442    2.9827    1.2840    2.5240     500.0     375.0   21
    2.3457    2.9524    1.2676    2.4760     500.0     375.0   22
    2.3473    2.9802    1.2826    2.5040     500.0     375.0   23
    2.3488    2.9910    1.2885    2.5130     500.0     375.0   24
    2.3503    3.0311    1.3102    2.5170     500.0     375.0   25
    2.3518    3.0257    1.3073    2.5010     500.0     375.0   26
    2.3534    3.0460    1.3182    2.5210     500.0     375.0   27
    2.3549    3.0465    1.3185    2.5140     500.0     375.0   28
    2.3564    3.1020    1.3486    2.5340     500.0     375.0   29
    2.3579    3.0742    1.3335    2.5210     500.0     375.0   30
    2.3595    3.1095    1.3527    2.5390     500.0     375.0   31
    2.3610    3.0554    1.3234    2.5300     500.0     375.0   32
    2.3625    3.0521    1.3216    2.5190     500.0     375.0   33
    2.3640    3.0544    1.3228    2.5370     500.0     375.0   34
    2.3656    3.1180    1.3573    2.5590     500.0     375.0   35
    2.3671    3.0999    1.3475    2.5410     500.0     375.0   36
    2.3686    3.0854    1.3396    2.5230     500.0     375.0   37
    2.3701    3.1071    1.3514    2.5540     500.0     375.0   38
    2.3716    3.1588    1.3793    2.5440     500.0     375.0   39
    2.3732    3.1186    1.3576    2.5590     500.0     375.0   40
    2.3747    3.1428    1.3707    2.5560     500.0     375.0   41
    2.3762    3.1220    1.3594    2.5350     500.0     375.0   42
    2.3777    3.0910    1.3426    2.5270     500.0     375.0   43
    2.3793    3.0884    1.3412    2.5210     500.0     375.0   44
    2.3808    3.0641    1.3281    2.5160     500.0     375.0   45
    2.3823    3.0767    1.3349    2.5110     500.0     375.0   46
    2.3838    3.0621    1.3270    2.5110     500.0     375.0   47
    2.3854    3.0537    1.3224    2.5510     500.0     375.0   48
    2.3869    3.1912    1.3969    2.5870     500.0     375.0   49
    2.3884    3.1491    1.3741    2.5890     500.0     375.0   50
    2.3899    3.0614    1.3266    2.5630     500.0     375.0   51
    2.3915    3.0980    1.3464    2.5670     500.0     375.0   52
    2.3930    3.1286    1.3630    2.5650     500.0     375.0   53
    2.3945    3.1749    1.3881    2.5750     500.0     375.0   54
    2.3960    3.0439    1.3171    2.5450     500.0     375.0   55
    2.3976    3.1002    1.3476    2.5290     500.0     375.0   56
    2.3991    3.1134    1.3548    2.5780     500.0     375.0   57
    2.4006    3.4838    1.8100    2.5870       5.4      33.3   58
    2.4021    3.4838    1.8100    2.5870       5.4      33.3   59
    2.4037    3.4838    1.8100    2.5870       5.4      33.3   60
    2.4052    3.4838    1.8100    2.5870       5.4      33.3   61
    2.4067    3.4838    1.8100    2.5870       5.4      33.3   62
    2.4082    3.4838    1.8100    2.5870       5.4      33.3   63
    2.4097    3.4838    1.8100    2.5870       5.4      33.3   64
    2.4113    3.4838    1.8100    2.5870       5.4      33.3   65
    2.4128    3.4838    1.8100    2.5870       5.4      33.3   66
    2.4143    3.4838    1.8100    2.5870       5.4      33.3   67
    2.4158    3.4838    1.8100    2.5870       5.4      33.3   68
    2.4174    3.4838    1.8100    2.5870       5.4      33.3   69
    2.4189    3.4838    1.8100    2.5870       5.4      33.3   70
    2.4204    3.4838    1.8100    2.5870       5.4      33.3   71
    2.4219    3.4838    1.8100    2.5870       5.4      33.3   72
    2.4235    3.4838    1.8100    2.5870       5.4      33.3   73
    2.4250    3.4838    1.8100    2.5870       5.4      33.3   74
    2.4265    3.4838    1.8100    2.5870       5.4      33.3   75
    2.4280    3.4838    1.8100    2.5870       5.4      33.3   76
    2.4296    3.4838    1.8100    2.5870       5.4      33.3   77
    2.4311    3.4838    1.8100    2.5870       5.4      33.3   78
    2.4326    3.4838    1.8100    2.5870       5.4      33.3   79
    2.4341    3.4838    1.8100    2.5870       5.4      33.3   80
    2.4357    3.4838    1.8100    2.5870       5.4      33.3   81
    2.4372    3.4838    1.8100    2.5870       5.4      33.3   82
    2.4387    3.4838    1.8100    2.5870       5.4      33.3   83
    2.4402    3.4838    1.8100    2.5870       5.4      33.3   84
    2.4418    3.4536    1.5755    2.6230     500.0     375.0   85
    2.4433    3.4488    1.5732    2.6220     500.0     375.0   86
    2.4448    3.4645    1.5875    2.6220     500.0     375.0   87
    2.4463    3.4618    1.5793    2.6230     500.0     375.0   88
    2.4478    3.4753    1.5856    2.6240     500.0     375.0   89
    2.4494    3.6638    1.7841    2.6160     500.0     375.0   90
    2.4509    3.4830    1.6079    2.6210     500.0     375.0   91
    2.4524    3.3989    1.5502    2.6180     500.0     375.0   92
    2.4539    3.4386    1.5685    2.6210     500.0     375.0   93
    2.4555    3.4567    1.5769    2.6230     500.0     375.0   94
    2.4570    3.4439    1.5710    2.6220     500.0     375.0   95
    2.4585    3.2860    1.4978    2.6080     500.0     375.0   96
    2.4600    3.3150    1.5113    2.6110     500.0     375.0   97
    2.4616    3.3932    1.5475    2.6170     500.0     375.0   98
    2.4631    3.3960    1.5488    2.6180     500.0     375.0   99
    2.4646    3.4018    1.5515    2.6180     500.0     375.0  100
    2.4661    3.4001    1.5507    2.6180     500.0     375.0  101
    2.4677    3.4102    1.5553    2.6190     500.0     375.0  102
    2.4692    3.3802    1.5415    2.6160     500.0     375.0  103
    2.4707    4.0167    2.0685    2.4110     500.0     375.0  104
    2.4777    4.0710    2.2580    2.2630     500.0     375.0  105
    2.4792    3.7673    2.1005    2.2970     500.0     375.0  106
    2.4808    3.5696    1.9774    2.2210     500.0     375.0  107
    2.4823    3.5222    1.9559    2.1950     500.0     375.0  108
    2.4838    3.5118    1.9414    2.1780     500.0     375.0  109
    2.4853    3.5447    1.9305    2.1700     500.0     375.0  110
    2.4869    3.4909    1.9172    2.1710     500.0     375.0  111
    2.4884    3.5210    1.9154    2.1680     500.0     375.0  112
    2.4899    3.5394    1.9412    2.1750     500.0     375.0  113
    2.4914    3.4937    1.9096    2.1630     500.0     375.0  114
    2.4930    3.4442    1.8841    2.1530     500.0     375.0  115
    2.4945    3.4500    1.8876    2.1510     500.0     375.0  116
    2.4960    3.4622    1.8983    2.1560     500.0     375.0  117
    2.4975    3.4596    1.9027    2.1620     500.0     375.0  118
    2.4991    3.4220    1.8694    2.1450     500.0     375.0  119
    2.5006    3.4553    1.9059    2.1620     500.0     375.0  120
    2.5021    3.4673    1.9039    2.1610     500.0     375.0  121
    2.5036    3.4913    1.9143    2.1610     500.0     375.0  122
    2.5052    3.4893    1.9315    2.1670     500.0     375.0  123
    2.5067    3.4892    1.9253    2.1680     500.0     375.0  124
    2.5082    3.4606    1.9155    2.1660     500.0     375.0  125
    2.5097    3.4157    1.8930    2.1560     500.0     375.0  126
    2.5112    3.5033    1.9196    2.1460     500.0     375.0  127
    2.5128    3.5110    1.9212    2.1820     500.0     375.0  128
    2.5143    3.4530    1.8991    2.1580     500.0     375.0  129
    2.5158    3.4387    1.8766    2.1450     500.0     375.0  130
    2.5173    3.4470    1.8907    2.1500     500.0     375.0  131
    2.5189    3.4611    1.8997    2.1480     500.0     375.0  132
    2.5204    3.4428    1.8949    2.1600     500.0     375.0  133
    2.5219    3.4695    1.9023    2.1610     500.0     375.0  134
    2.5234    3.4496    1.8875    2.1480     500.0     375.0  135
    2.5250    3.5130    1.9371    2.1540     500.0     375.0  136
    2.5265    3.6597    2.0071    2.1770     500.0     375.0  137
    2.5280    3.8379    2.1044    2.2320     500.0     375.0  138
    2.5295    3.5299    1.9299    2.1790     500.0     375.0  139
    2.5311    3.5022    1.9192    2.1710     500.0     375.0  140
    2.5326    3.4558    1.8966    2.1570     500.0     375.0  141
    2.5341    3.4409    1.8786    2.1480     500.0     375.0  142
    2.5356    3.4644    1.9023    2.1550     500.0     375.0  143
    2.5372    3.4640    1.9014    2.1570     500.0     375.0  144
    2.5387    3.4532    1.8937    2.1470     500.0     375.0  145
    2.5402    3.5165    1.9209    2.1620     500.0     375.0  146
    2.5417    3.5082    1.9146    2.1640     500.0     375.0  147
    2.5433    3.5269    1.9301    2.1720     500.0     375.0  148
    2.5448    3.4835    1.9036    2.1610     500.0     375.0  149
    2.5463    3.4424    1.8870    2.1460     500.0     375.0  150
    2.5478    3.4744    1.9038    2.1470     500.0     375.0  151
    2.5493    3.7216    2.0267    2.1890     500.0     375.0  152
    2.5509    3.5022    1.9269    2.1690     500.0     375.0  153
    2.5524    3.4488    1.9048    2.1530     500.0     375.0  154
    2.5539    3.4356    1.8984    2.1490     500.0     375.0  155
    2.5554    3.4375    1.9021    2.1420     500.0     375.0  156
    2.5570    3.4293    1.9054    2.1450     500.0     375.0  157
    2.5585    3.4427    1.9024    2.1480     500.0     375.0  158
    2.5600    3.4527    1.9060    2.1520     500.0     375.0  159
    2.5615    3.4640    1.9098    2.1460     500.0     375.0  160
    2.5631    3.4087    1.8900    2.1440     500.0     375.0  161
    2.5646    3.3722    1.8772    2.1240     500.0     375.0  162
    2.5661    3.3841    1.8852    2.1340     500.0     375.0  163
    2.5676    3.5763    1.9911    2.1510     500.0     375.0  164
    2.5692    3.9530    2.1869    2.2640     500.0     375.0  165
    2.5707    3.4623    1.9202    2.1490     500.0     375.0  166
    2.5722    3.4140    1.8867    2.1320     500.0     375.0  167
    2.5737    3.6544    2.0006    2.1620     500.0     375.0  168
    2.5753    4.1866    2.2870    2.3260     500.0     375.0  169
    2.5768    3.5743    1.9662    2.1740     500.0     375.0  170
    2.5783    3.6491    1.9988    2.1770     500.0     375.0  171
    2.5798    4.1494    2.2676    2.3090     500.0     375.0  172
    2.5814    3.6968    2.0587    2.2380     500.0     375.0  173
    2.5829    3.6001    2.0033    2.1930     500.0     375.0  174
    2.5844    3.5618    1.9920    2.1810     500.0     375.0  175
    2.5859    3.5648    1.9905    2.1780     500.0     375.0  176
    2.5874    3.6245    2.0255    2.2000     500.0     375.0  177
    2.5890    3.8950    2.1602    2.2360     500.0     375.0  178
    2.5905    3.7612    2.1195    2.2620     500.0     375.0  179
    2.5920    3.5688    2.0047    2.1740     500.0     375.0  180
    2.5935    3.5354    1.9819    2.1790     500.0     375.0  181
    2.5951    3.4896    1.9535    2.1860     500.0     375.0  182
    2.5966    3.4571    1.9386    2.1870     500.0     375.0  183
    2.5981    3.5033    1.9634    2.1910     500.0     375.0  184
    2.5996    3.4508    1.9316    2.1850     500.0     375.0  185
    2.6012    3.3889    1.9165    2.1720     500.0     375.0  186
    2.6027    3.6063    2.0089    2.2140     500.0     375.0  187
    2.6042    4.6745    2.5124    2.4340     500.0     375.0  188
    2.6057    3.8869    2.1377    2.3390     500.0     375.0  189
    2.6073    4.4087    2.4050    2.3650     500.0     375.0  190
    2.6088    4.5787    2.4958    2.4930     500.0     375.0  191
    2.6103    4.3345    2.3682    2.3840     500.0     375.0  192
    2.6118    5.2793    2.7987    2.5830     500.0     375.0  193
    2.6134    5.5166    2.8508    2.6930     500.0     375.0  194
    2.6149    5.3510    2.7654    2.7000     500.0     375.0  195
    2.6164    5.6387    2.9172    2.7000     500.0     375.0  196
    2.6179    5.2403    2.7171    2.7000     500.0     375.0  197
    2.6195    5.4510    2.7973    2.6970     500.0     375.0  198
 9999.0000    5.4657    2.8164    2.6950     500.0     375.0  199


  Resume - Integration en k:

   141  139  138  139  140  144  143  143  144  147  151  152  153  156
   161  167  170  174  181  189  193  189  187  187  189  191  191  193
   196  200  204  206  210  214  219  225  228  232  237  241  245  249
   252  256  259  263  267  271  274  278  281  285  290  295  298  302
   306  311  316  322  325  330  334  339  344  349  353  358  363  367
   371  374  378  382  386  391  396  400  404  409  413  418  423  428
   433  437  442  446  451  456  460  465  470  475  479  483  487  492
   497  502  507  511  516  520  525  530  535  540  544  549  553  558
   563  568  573  578  582  586  591  595  600  605  610  615  619  624
   628  633  638  643  648  653  657  662  667  671  676  681  686  690
   695  699  704  709  714  719  724  728  733  737  742  747  752  757
   762  766  771  776  781  786  791  795  800  804  809  813  818  823
   828  833  837  842  847  852  856  861  867  871  876  880  885  890
   894  899  904  909  913  918  922  926  931  936  941  946  950  955
   960  965  970  975  980  984  989  994  998 1003 1008 1013 1018 1022
  1026 1031 1035 1040 1045 1050 1054 1059 1064 1069 1074 1079 1084 1088
  1093 1098 1102 1107 1112 1117 1122 1127 1131 1135 1140 1144 1149 1154
  1159 1164 1168 1173 1178 1182 1187 1193 1197 1202 1206 1211 1216 1221
  1226 1231 1235 1239 1243 1248 1253 1258 1263 1268 1272 1277 1282 1286
  1291 1296 1301 1306 1310 1315 1320 1324 1329 1334 1339 1344 1348 1352
  1357 1362 1366 1371 1376 1381 1386 1390 1395 1400 1405 1410 1414 1419
  1423 1428 1433 1438 1443 1448 1452 1457 1461 1466 1471 1475 1480 1485
  1490 1495 1499 1504 1509 1514 1519 1524 1528 1533 1538 1542 1547 1552
  1557 1562 1566 1570 1575 1580 1585 1590 1595 1599 1604 1609 1614 1619
  1624 1629 1633 1638 1643 1647 1652 1657 1662 1667 1672 1676 1680 1685
  1690 1695 1699 1704 1709 1714 1718 1723 1728 1733 1738 1743 1747 1752
  1757 1761 1766 1771 1776 1781 1785 1790 1795 1799 1804 1809 1814 1819
  1823 1828 1833 1837 1842 1847 1852 1857 1861 1865 1870 1875 1880 1885
  1890 1894 1899 1904 1908 1913 1918 1923 1927 1931 1936 1941 1946 1951
  1956 1960 1965 1970 1974 1979 1984 1989 1994 1998 2002 2007 2012 2016
  2021 2026 2031 2036 2040 2045 2050 2055 2060 2065 2069 2074 2077 2082
  2087 2092 2098 2103 2107 2111 2116 2121 2126 2131 2136 2141 2145 2150
  2154 2159 2163 2168 2172 2178 2182 2187 2192 2196 2201 2206 2211 2216
  2221 2225 2230 2235 2240 2245 2250 2255 2259 2263 2268 2272 2277 2282
  2288 2292 2297 2301 2306 2311 2316 2321 2326 2330 2335 2338 2343 2348
  2353 2358 2363 2368 2372 2377 2382 2387 2392 2397 2401 2405 2409 2414
  2419 2424 2430 2434 2438 2443 2448 2453

  ufp(1,ix0,iy0,iz0) :            (33548.2695,-6.13225603)
  ufx(1,ix0,iy0,iz0) :             (0.00000000,0.00000000)
  ufy(1,ix0,iy0,iz0) :             (0.00000000,0.00000000)
  ufz(1,ix0,iy0,iz0) :           (-72.7857285,0.168609142)

  *** FIN NORMALE *** 

